\BOOKMARK [-1][-]{part.1}{\376\377\000I\000\040\000T\000e\000o\000r\000e\000t\000i\000c\000k\000\341\000\040\001\015\000\341\000s\000t}{}% 1
\BOOKMARK [0][-]{chapter.1}{\376\377\000Z\000a\000v\000e\000d\000e\000n\000\355\000\040\000p\000o\000j\000m\000u\000\040\000p\000o\000s\000l\000o\000u\000p\000n\000o\000s\000t}{part.1}% 2
\BOOKMARK [1][-]{section.1.1}{\376\377\000D\000e\000f\000i\000n\000i\000c\000e\000\040\000a\000\040\000v\000y\000s\000v\001\033\000t\000l\000e\000n\000\355\000\040\000p\000o\000j\000m\000u\000\040\000f\000u\000n\000k\000c\000e}{chapter.1}% 3
\BOOKMARK [2][-]{subsection.1.1.1}{\376\377\000Z\000a\000d\000\341\000n\000\355\000\040\000f\000u\000n\000k\000c\000e}{section.1.1}% 4
\BOOKMARK [1][-]{section.1.2}{\376\377\000V\000y\000s\000v\001\033\000t\000l\000e\000n\000\355\000\040\000p\000o\000j\000m\000u\000\040\000p\000o\000s\000l\000o\000u\000p\000n\000o\000s\000t}{chapter.1}% 5
\BOOKMARK [1][-]{section.1.3}{\376\377\000Z\000n\000a\001\015\000e\000n\000\355}{chapter.1}% 6
\BOOKMARK [2][-]{subsection.1.3.1}{\376\377\000Z\000n\000a\001\015\000e\000n\000\355\000\040\000n\000e\000k\000o\000n\000e\001\015\000n\000\351\000\040\000p\000o\000s\000l\000o\000u\000p\000n\000o\000s\000t\000i}{section.1.3}% 7
\BOOKMARK [2][-]{subsection.1.3.2}{\376\377\000Z\000n\000a\001\015\000e\000n\000\355\000\040\000k\000o\000n\000e\001\015\000n\000\351\000\040\000p\000o\000s\000l\000o\000u\000p\000n\000o\000s\000t\000i}{section.1.3}% 8
\BOOKMARK [1][-]{section.1.4}{\376\377\000Z\000a\000d\000\341\000n\000\355\000\040\000p\000o\000s\000l\000o\000u\000p\000n\000o\000s\000t\000i}{chapter.1}% 9
\BOOKMARK [2][-]{subsection.1.4.1}{\376\377\000V\000z\000o\000r\000e\000c\000\040\000p\000r\000o\000\040\000n\000-\000t\000\375\000\040\001\015\000l\000e\000n}{section.1.4}% 10
\BOOKMARK [2][-]{subsection.1.4.2}{\376\377\000R\000e\000k\000u\000r\000e\000n\000t\000n\000\355\000\040\000v\000z\000o\000r\000e\000c}{section.1.4}% 11
\BOOKMARK [1][-]{section.1.5}{\376\377\000V\000l\000a\000s\000t\000n\000o\000s\000t\000i\000\040\000p\000o\000s\000l\000o\000u\000p\000n\000o\000s\000t\000\355}{chapter.1}% 12
\BOOKMARK [2][-]{subsection.1.5.1}{\376\377\000M\000o\000n\000o\000t\000\363\000n\000n\000o\000s\000t\000\040\000p\000o\000s\000l\000o\000u\000p\000n\000o\000s\000t\000i}{section.1.5}% 13
\BOOKMARK [2][-]{subsection.1.5.2}{\376\377\000O\000m\000e\000z\000e\000n\000o\000s\000t\000\040\000p\000o\000s\000l\000o\000u\000p\000n\000o\000s\000t\000i}{section.1.5}% 14
\BOOKMARK [0][-]{chapter.2}{\376\377\001\130\000a\000d\000y}{part.1}% 15
\BOOKMARK [1][-]{section.2.1}{\376\377\000D\000e\000f\000i\000n\000i\000c\000e}{chapter.2}% 16
\BOOKMARK [1][-]{section.2.2}{\376\377\000K\000o\000n\000v\000e\000r\000g\000e\000n\000t\000n\000\355\000\040\000a\000\040\000d\000i\000v\000e\000r\000g\000e\000n\000t\000n\000\355\000\040\001\131\000a\000d\000y}{chapter.2}% 17
\BOOKMARK [0][-]{chapter.3}{\376\377\000A\000r\000i\000t\000m\000e\000t\000i\000c\000k\000\341\000\040\000p\000o\000s\000l\000o\000u\000p\000n\000o\000s\000t}{part.1}% 18
\BOOKMARK [1][-]{section.3.1}{\376\377\000V\000y\000j\000\341\000d\001\131\000e\000n\000\355\000\040\000p\000o\000m\000o\000c\000\355\000\040\000v\000z\000o\000r\000c\000e}{chapter.3}% 19
\BOOKMARK [1][-]{section.3.2}{\376\377\000S\000o\000u\001\015\000e\000t}{chapter.3}% 20
\BOOKMARK [0][-]{chapter.4}{\376\377\000G\000e\000o\000m\000e\000t\000r\000i\000c\000k\000\341\000\040\000p\000o\000s\000l\000o\000u\000p\000n\000o\000s\000t}{part.1}% 21
\BOOKMARK [1][-]{section.4.1}{\376\377\000V\000y\000j\000\341\000d\001\131\000e\000n\000\355\000\040\000p\000o\000m\000o\000c\000\355\000\040\000v\000z\000o\000r\000c\001\157}{chapter.4}% 22
\BOOKMARK [1][-]{section.4.2}{\376\377\000U\000r\001\015\000e\000n\000\355\000\040\000a\000s\000y\000m\000p\000t\000o\000t\000i\000c\000k\000\351\000\040\000s\000l\000o\001\176\000i\000t\000o\000s\000t\000i\000\040\000p\000o\000m\000o\000c\000\355\000\040\000g\000e\000o\000m\000e\000t\000r\000i\000c\000k\000\351\000\040\000p\000o\000s\000l\000o\000u\000p\000n\000o\000s\000t\000i}{chapter.4}% 23
\BOOKMARK [0][-]{chapter.5}{\376\377\000A\000r\000i\000t\000m\000e\000t\000i\000c\000k\000o\000-\000g\000e\000o\000m\000e\000t\000r\000i\000c\000k\000\341\000\040\000p\000o\000s\000l\000o\000u\000p\000n\000o\000s\000t}{part.1}% 24
\BOOKMARK [1][-]{section.5.1}{\376\377\000S\000o\000u\001\015\000t\000o\000v\000\375\000\040\000v\000z\000o\000r\000e\000c}{chapter.5}% 25
\BOOKMARK [0][-]{chapter.6}{\376\377\000O\000b\000e\000c\000n\000\341\000\040\000p\000o\000s\000l\000o\000u\000p\000n\000o\000s\000t\000\040\000v\000e\000\040\000t\000v\000a\000r\000u\000\040\000s\000o\000u\001\015\000i\000n\000u\000\040\000\040\000p\000o\000l\000y\000n\000o\000m\000u\000\040\000a\000\040\000e\000x\000p\000o\000n\000e\000n\000c\000i\000\341\000l\000y}{part.1}% 26
\BOOKMARK [-1][-]{part.2}{\376\377\000I\000I\000\040\000P\000r\000a\000k\000t\000i\000c\000k\000\341\000\040\001\015\000\341\000s\000t}{}% 27
\BOOKMARK [0][-]{chapter*.6}{\376\377\000B\000i\000b\000l\000i\000o\000g\000r\000a\000f\000i\000e}{part.2}% 28
\BOOKMARK [0][-]{section*.9}{\376\377\000P\001\131\000\355\000l\000o\000h\000y}{part.2}% 29
\BOOKMARK [0][-]{appendix.a.A}{\376\377\000G\000e\000n\000e\000r\000\341\000t\000o\000r\000\040\000v\000z\000o\000r\000c\001\157\000\040\000v\000\040\000P\000y\000t\000h\000o\000n\000u}{part.2}% 30
\BOOKMARK [0][-]{appendix.a.B}{\376\377\000P\001\131\000\355\000l\000o\000h\000a\000\040\000d\000a\000l\001\141\000\355\000\040}{part.2}% 31
